# JRE version: OpenJDK Runtime Environment (7.0_40-b31) (build 1.7.0_40-b31)
# Java VM: OpenJDK 64-Bit Server VM (24.0-b50 mixed mode linux-amd64 compressed oops)
Heap
 PSYoungGen      total 294912K, used 266813K [0x00000000ec200000, 0x00000000ffd80000, 0x0000000100000000)
  eden space 269824K, 94% used [0x00000000ec200000,0x00000000fba6dc58,0x00000000fc980000)
  from space 25088K, 49% used [0x00000000fe500000,0x00000000ff1219d0,0x00000000ffd80000)
  to   space 26624K, 0% used [0x00000000fc980000,0x00000000fc980000,0x00000000fe380000)
 ParOldGen       total 95744K, used 61689K [0x00000000c4600000, 0x00000000ca380000, 0x00000000ec200000)
  object space 95744K, 64% used [0x00000000c4600000,0x00000000c823e630,0x00000000ca380000)
 PSPermGen       total 52736K, used 23373K [0x00000000ba000000, 0x00000000bd380000, 0x00000000c4600000)
  object space 52736K, 44% used [0x00000000ba000000,0x00000000bb6d3660,0x00000000bd380000)
GC Heap History (10 events):
Event: 45.203 GC heap before
{Heap before GC invocations=14 (full 1):
 PSYoungGen      total 303104K, used 295936K [0x00000000ec200000, 0x0000000100000000, 0x0000000100000000)
  eden space 295936K, 100% used [0x00000000ec200000,0x00000000fe300000,0x00000000fe300000)
  from space 7168K, 0% used [0x00000000ff900000,0x00000000ff900000,0x0000000100000000)
  to   space 14848K, 0% used [0x00000000fe300000,0x00000000fe300000,0x00000000ff180000)
 ParOldGen       total 65024K, used 35278K [0x00000000c4600000, 0x00000000c8580000, 0x00000000ec200000)
  object space 65024K, 54% used [0x00000000c4600000,0x00000000c6873a58,0x00000000c8580000)
 PSPermGen       total 46592K, used 23329K [0x00000000ba000000, 0x00000000bcd80000, 0x00000000c4600000)
  object space 46592K, 50% used [0x00000000ba000000,0x00000000bb6c84b0,0x00000000bcd80000)
Event: 45.330 GC heap after
Heap after GC invocations=14 (full 1):
 PSYoungGen      total 310784K, used 14833K [0x00000000ec200000, 0x0000000100000000, 0x0000000100000000)
  eden space 295936K, 0% used [0x00000000ec200000,0x00000000ec200000,0x00000000fe300000)
  from space 14848K, 99% used [0x00000000fe300000,0x00000000ff17c6f8,0x00000000ff180000)
  to   space 14848K, 0% used [0x00000000ff180000,0x00000000ff180000,0x0000000100000000)
 ParOldGen       total 65024K, used 45150K [0x00000000c4600000, 0x00000000c8580000, 0x00000000ec200000)
  object space 65024K, 69% used [0x00000000c4600000,0x00000000c7217a58,0x00000000c8580000)
 PSPermGen       total 46592K, used 23329K [0x00000000ba000000, 0x00000000bcd80000, 0x00000000c4600000)
  object space 46592K, 50% used [0x00000000ba000000,0x00000000bb6c84b0,0x00000000bcd80000)
}
Event: 73.163 GC heap before
{Heap before GC invocations=15 (full 1):
 PSYoungGen      total 310784K, used 310769K [0x00000000ec200000, 0x0000000100000000, 0x0000000100000000)
  eden space 295936K, 100% used [0x00000000ec200000,0x00000000fe300000,0x00000000fe300000)
  from space 14848K, 99% used [0x00000000fe300000,0x00000000ff17c6f8,0x00000000ff180000)
  to   space 14848K, 0% used [0x00000000ff180000,0x00000000ff180000,0x0000000100000000)
 ParOldGen       total 65024K, used 45150K [0x00000000c4600000, 0x00000000c8580000, 0x00000000ec200000)
  object space 65024K, 69% used [0x00000000c4600000,0x00000000c7217a58,0x00000000c8580000)
 PSPermGen       total 46592K, used 23339K [0x00000000ba000000, 0x00000000bcd80000, 0x00000000c4600000)
  object space 46592K, 50% used [0x00000000ba000000,0x00000000bb6caf68,0x00000000bcd80000)
Event: 73.235 GC heap after
Heap after GC invocations=15 (full 1):
 PSYoungGen      total 284160K, used 14816K [0x00000000ec200000, 0x0000000100000000, 0x0000000100000000)
  eden space 269312K, 0% used [0x00000000ec200000,0x00000000ec200000,0x00000000fc900000)
  from space 14848K, 99% used [0x00000000ff180000,0x00000000ffff8010,0x0000000100000000)
  to   space 28160K, 0% used [0x00000000fc900000,0x00000000fc900000,0x00000000fe480000)
 ParOldGen       total 65024K, used 60185K [0x00000000c4600000, 0x00000000c8580000, 0x00000000ec200000)
  object space 65024K, 92% used [0x00000000c4600000,0x00000000c80c6560,0x00000000c8580000)
 PSPermGen       total 46592K, used 23339K [0x00000000ba000000, 0x00000000bcd80000, 0x00000000c4600000)
  object space 46592K, 50% used [0x00000000ba000000,0x00000000bb6caf68,0x00000000bcd80000)
}
Event: 73.235 GC heap before
{Heap before GC invocations=16 (full 2):
 PSYoungGen      total 284160K, used 14816K [0x00000000ec200000, 0x0000000100000000, 0x0000000100000000)
  eden space 269312K, 0% used [0x00000000ec200000,0x00000000ec200000,0x00000000fc900000)
  from space 14848K, 99% used [0x00000000ff180000,0x00000000ffff8010,0x0000000100000000)
  to   space 28160K, 0% used [0x00000000fc900000,0x00000000fc900000,0x00000000fe480000)
 ParOldGen       total 65024K, used 60185K [0x00000000c4600000, 0x00000000c8580000, 0x00000000ec200000)
  object space 65024K, 92% used [0x00000000c4600000,0x00000000c80c6560,0x00000000c8580000)
 PSPermGen       total 46592K, used 23339K [0x00000000ba000000, 0x00000000bcd80000, 0x00000000c4600000)
  object space 46592K, 50% used [0x00000000ba000000,0x00000000bb6caf68,0x00000000bcd80000)
Event: 73.474 GC heap after
Heap after GC invocations=16 (full 2):
 PSYoungGen      total 284160K, used 0K [0x00000000ec200000, 0x0000000100000000, 0x0000000100000000)
  eden space 269312K, 0% used [0x00000000ec200000,0x00000000ec200000,0x00000000fc900000)
  from space 14848K, 0% used [0x00000000ff180000,0x00000000ff180000,0x0000000100000000)
  to   space 28160K, 0% used [0x00000000fc900000,0x00000000fc900000,0x00000000fe480000)
 ParOldGen       total 95744K, used 56267K [0x00000000c4600000, 0x00000000ca380000, 0x00000000ec200000)
  object space 95744K, 58% used [0x00000000c4600000,0x00000000c7cf2dd8,0x00000000ca380000)
 PSPermGen       total 52736K, used 23339K [0x00000000ba000000, 0x00000000bd380000, 0x00000000c4600000)
  object space 52736K, 44% used [0x00000000ba000000,0x00000000bb6cad68,0x00000000bd380000)
}
Event: 107.816 GC heap before
{Heap before GC invocations=17 (full 2):
 PSYoungGen      total 284160K, used 269312K [0x00000000ec200000, 0x0000000100000000, 0x0000000100000000)
  eden space 269312K, 100% used [0x00000000ec200000,0x00000000fc900000,0x00000000fc900000)
  from space 14848K, 0% used [0x00000000ff180000,0x00000000ff180000,0x0000000100000000)
  to   space 28160K, 0% used [0x00000000fc900000,0x00000000fc900000,0x00000000fe480000)
 ParOldGen       total 95744K, used 56267K [0x00000000c4600000, 0x00000000ca380000, 0x00000000ec200000)
  object space 95744K, 58% used [0x00000000c4600000,0x00000000c7cf2dd8,0x00000000ca380000)
 PSPermGen       total 52736K, used 23346K [0x00000000ba000000, 0x00000000bd380000, 0x00000000c4600000)
  object space 52736K, 44% used [0x00000000ba000000,0x00000000bb6cc8a8,0x00000000bd380000)
Event: 107.876 GC heap after
Heap after GC invocations=17 (full 2):
 PSYoungGen      total 297472K, used 13989K [0x00000000ec200000, 0x0000000100000000, 0x0000000100000000)
  eden space 269312K, 0% used [0x00000000ec200000,0x00000000ec200000,0x00000000fc900000)
  from space 28160K, 49% used [0x00000000fc900000,0x00000000fd6a9510,0x00000000fe480000)
  to   space 27648K, 0% used [0x00000000fe500000,0x00000000fe500000,0x0000000100000000)
 ParOldGen       total 95744K, used 56267K [0x00000000c4600000, 0x00000000ca380000, 0x00000000ec200000)
  object space 95744K, 58% used [0x00000000c4600000,0x00000000c7cf2dd8,0x00000000ca380000)
 PSPermGen       total 52736K, used 23346K [0x00000000ba000000, 0x00000000bd380000, 0x00000000c4600000)
  object space 52736K, 44% used [0x00000000ba000000,0x00000000bb6cc8a8,0x00000000bd380000)
}
Event: 142.583 GC heap before
{Heap before GC invocations=18 (full 2):
 PSYoungGen      total 297472K, used 283301K [0x00000000ec200000, 0x0000000100000000, 0x0000000100000000)
  eden space 269312K, 100% used [0x00000000ec200000,0x00000000fc900000,0x00000000fc900000)
  from space 28160K, 49% used [0x00000000fc900000,0x00000000fd6a9510,0x00000000fe480000)
  to   space 27648K, 0% used [0x00000000fe500000,0x00000000fe500000,0x0000000100000000)
 ParOldGen       total 95744K, used 56267K [0x00000000c4600000, 0x00000000ca380000, 0x00000000ec200000)
  object space 95744K, 58% used [0x00000000c4600000,0x00000000c7cf2dd8,0x00000000ca380000)
 PSPermGen       total 52736K, used 23350K [0x00000000ba000000, 0x00000000bd380000, 0x00000000c4600000)
  object space 52736K, 44% used [0x00000000ba000000,0x00000000bb6cd9c8,0x00000000bd380000)
Event: 142.645 GC heap after
Heap after GC invocations=18 (full 2):
 PSYoungGen      total 294912K, used 12422K [0x00000000ec200000, 0x00000000ffd80000, 0x0000000100000000)
  eden space 269824K, 0% used [0x00000000ec200000,0x00000000ec200000,0x00000000fc980000)
  from space 25088K, 49% used [0x00000000fe500000,0x00000000ff1219d0,0x00000000ffd80000)
  to   space 26624K, 0% used [0x00000000fc980000,0x00000000fc980000,0x00000000fe380000)
 ParOldGen       total 95744K, used 61689K [0x00000000c4600000, 0x00000000ca380000, 0x00000000ec200000)
  object space 95744K, 64% used [0x00000000c4600000,0x00000000c823e630,0x00000000ca380000)
 PSPermGen       total 52736K, used 23350K [0x00000000ba000000, 0x00000000bd380000, 0x00000000c4600000)
  object space 52736K, 44% used [0x00000000ba000000,0x00000000bb6cd9c8,0x00000000bd380000)
}

